<?xml version="1.0" encoding="UTF-8"?>
<testsuite xmlns:xsi="http://www.w3.org/2001/XMLSchema-instance" xsi:noNamespaceSchemaLocation="https://maven.apache.org/surefire/maven-surefire-plugin/xsd/surefire-test-report.xsd" name="com.itheima.ApplicationTests" time="1.639" tests="1" errors="0" skipped="0" failures="0">
  <properties>
    <property name="sun.desktop" value="windows"/>
    <property name="awt.toolkit" value="sun.awt.windows.WToolkit"/>
    <property name="file.encoding.pkg" value="sun.io"/>
    <property name="java.specification.version" value="1.8"/>
    <property name="sun.cpu.isalist" value="amd64"/>
    <property name="sun.jnu.encoding" value="GBK"/>
    <property name="java.class.path" value="D:\code\ssm\springboot\springboot_01_quickstart\target\test-classes;D:\code\ssm\springboot\springboot_01_quickstart\target\classes;D:\maven\apache-maven-3.6.1\mvn_resp\org\springframework\boot\spring-boot-starter-web\2.5.0\spring-boot-starter-web-2.5.0.jar;D:\maven\apache-maven-3.6.1\mvn_resp\org\springframework\boot\spring-boot-starter\2.5.0\spring-boot-starter-2.5.0.jar;D:\maven\apache-maven-3.6.1\mvn_resp\org\springframework\boot\spring-boot\2.5.0\spring-boot-2.5.0.jar;D:\maven\apache-maven-3.6.1\mvn_resp\org\springframework\boot\spring-boot-autoconfigure\2.5.0\spring-boot-autoconfigure-2.5.0.jar;D:\maven\apache-maven-3.6.1\mvn_resp\org\springframework\boot\spring-boot-starter-logging\2.5.0\spring-boot-starter-logging-2.5.0.jar;D:\maven\apache-maven-3.6.1\mvn_resp\ch\qos\logback\logback-classic\1.2.3\logback-classic-1.2.3.jar;D:\maven\apache-maven-3.6.1\mvn_resp\ch\qos\logback\logback-core\1.2.3\logback-core-1.2.3.jar;D:\maven\apache-maven-3.6.1\mvn_resp\org\apache\logging\log4j\log4j-to-slf4j\2.14.1\log4j-to-slf4j-2.14.1.jar;D:\maven\apache-maven-3.6.1\mvn_resp\org\apache\logging\log4j\log4j-api\2.14.1\log4j-api-2.14.1.jar;D:\maven\apache-maven-3.6.1\mvn_resp\org\slf4j\jul-to-slf4j\1.7.30\jul-to-slf4j-1.7.30.jar;D:\maven\apache-maven-3.6.1\mvn_resp\jakarta\annotation\jakarta.annotation-api\1.3.5\jakarta.annotation-api-1.3.5.jar;D:\maven\apache-maven-3.6.1\mvn_resp\org\yaml\snakeyaml\1.28\snakeyaml-1.28.jar;D:\maven\apache-maven-3.6.1\mvn_resp\org\springframework\boot\spring-boot-starter-json\2.5.0\spring-boot-starter-json-2.5.0.jar;D:\maven\apache-maven-3.6.1\mvn_resp\com\fasterxml\jackson\core\jackson-databind\2.12.3\jackson-databind-2.12.3.jar;D:\maven\apache-maven-3.6.1\mvn_resp\com\fasterxml\jackson\core\jackson-annotations\2.12.3\jackson-annotations-2.12.3.jar;D:\maven\apache-maven-3.6.1\mvn_resp\com\fasterxml\jackson\core\jackson-core\2.12.3\jackson-core-2.12.3.jar;D:\maven\apache-maven-3.6.1\mvn_resp\com\fasterxml\jackson\datatype\jackson-datatype-jdk8\2.12.3\jackson-datatype-jdk8-2.12.3.jar;D:\maven\apache-maven-3.6.1\mvn_resp\com\fasterxml\jackson\datatype\jackson-datatype-jsr310\2.12.3\jackson-datatype-jsr310-2.12.3.jar;D:\maven\apache-maven-3.6.1\mvn_resp\com\fasterxml\jackson\module\jackson-module-parameter-names\2.12.3\jackson-module-parameter-names-2.12.3.jar;D:\maven\apache-maven-3.6.1\mvn_resp\org\springframework\spring-web\5.3.7\spring-web-5.3.7.jar;D:\maven\apache-maven-3.6.1\mvn_resp\org\springframework\spring-beans\5.3.7\spring-beans-5.3.7.jar;D:\maven\apache-maven-3.6.1\mvn_resp\org\springframework\spring-webmvc\5.3.7\spring-webmvc-5.3.7.jar;D:\maven\apache-maven-3.6.1\mvn_resp\org\springframework\spring-aop\5.3.7\spring-aop-5.3.7.jar;D:\maven\apache-maven-3.6.1\mvn_resp\org\springframework\spring-context\5.3.7\spring-context-5.3.7.jar;D:\maven\apache-maven-3.6.1\mvn_resp\org\springframework\spring-expression\5.3.7\spring-expression-5.3.7.jar;D:\maven\apache-maven-3.6.1\mvn_resp\org\springframework\boot\spring-boot-starter-jetty\2.5.0\spring-boot-starter-jetty-2.5.0.jar;D:\maven\apache-maven-3.6.1\mvn_resp\jakarta\servlet\jakarta.servlet-api\4.0.4\jakarta.servlet-api-4.0.4.jar;D:\maven\apache-maven-3.6.1\mvn_resp\jakarta\websocket\jakarta.websocket-api\1.1.2\jakarta.websocket-api-1.1.2.jar;D:\maven\apache-maven-3.6.1\mvn_resp\org\apache\tomcat\embed\tomcat-embed-el\9.0.46\tomcat-embed-el-9.0.46.jar;D:\maven\apache-maven-3.6.1\mvn_resp\org\eclipse\jetty\jetty-servlets\9.4.41.v20210516\jetty-servlets-9.4.41.v20210516.jar;D:\maven\apache-maven-3.6.1\mvn_resp\org\eclipse\jetty\jetty-continuation\9.4.41.v20210516\jetty-continuation-9.4.41.v20210516.jar;D:\maven\apache-maven-3.6.1\mvn_resp\org\eclipse\jetty\jetty-http\9.4.41.v20210516\jetty-http-9.4.41.v20210516.jar;D:\maven\apache-maven-3.6.1\mvn_resp\org\eclipse\jetty\jetty-util\9.4.41.v20210516\jetty-util-9.4.41.v20210516.jar;D:\maven\apache-maven-3.6.1\mvn_resp\org\eclipse\jetty\jetty-io\9.4.41.v20210516\jetty-io-9.4.41.v20210516.jar;D:\maven\apache-maven-3.6.1\mvn_resp\org\eclipse\jetty\jetty-webapp\9.4.41.v20210516\jetty-webapp-9.4.41.v20210516.jar;D:\maven\apache-maven-3.6.1\mvn_resp\org\eclipse\jetty\jetty-xml\9.4.41.v20210516\jetty-xml-9.4.41.v20210516.jar;D:\maven\apache-maven-3.6.1\mvn_resp\org\eclipse\jetty\jetty-servlet\9.4.41.v20210516\jetty-servlet-9.4.41.v20210516.jar;D:\maven\apache-maven-3.6.1\mvn_resp\org\eclipse\jetty\jetty-security\9.4.41.v20210516\jetty-security-9.4.41.v20210516.jar;D:\maven\apache-maven-3.6.1\mvn_resp\org\eclipse\jetty\jetty-server\9.4.41.v20210516\jetty-server-9.4.41.v20210516.jar;D:\maven\apache-maven-3.6.1\mvn_resp\org\eclipse\jetty\jetty-util-ajax\9.4.41.v20210516\jetty-util-ajax-9.4.41.v20210516.jar;D:\maven\apache-maven-3.6.1\mvn_resp\org\eclipse\jetty\websocket\websocket-server\9.4.41.v20210516\websocket-server-9.4.41.v20210516.jar;D:\maven\apache-maven-3.6.1\mvn_resp\org\eclipse\jetty\websocket\websocket-common\9.4.41.v20210516\websocket-common-9.4.41.v20210516.jar;D:\maven\apache-maven-3.6.1\mvn_resp\org\eclipse\jetty\websocket\websocket-api\9.4.41.v20210516\websocket-api-9.4.41.v20210516.jar;D:\maven\apache-maven-3.6.1\mvn_resp\org\eclipse\jetty\websocket\websocket-client\9.4.41.v20210516\websocket-client-9.4.41.v20210516.jar;D:\maven\apache-maven-3.6.1\mvn_resp\org\eclipse\jetty\jetty-client\9.4.41.v20210516\jetty-client-9.4.41.v20210516.jar;D:\maven\apache-maven-3.6.1\mvn_resp\org\eclipse\jetty\websocket\websocket-servlet\9.4.41.v20210516\websocket-servlet-9.4.41.v20210516.jar;D:\maven\apache-maven-3.6.1\mvn_resp\org\eclipse\jetty\websocket\javax-websocket-server-impl\9.4.41.v20210516\javax-websocket-server-impl-9.4.41.v20210516.jar;D:\maven\apache-maven-3.6.1\mvn_resp\org\eclipse\jetty\jetty-annotations\9.4.41.v20210516\jetty-annotations-9.4.41.v20210516.jar;D:\maven\apache-maven-3.6.1\mvn_resp\org\eclipse\jetty\jetty-plus\9.4.41.v20210516\jetty-plus-9.4.41.v20210516.jar;D:\maven\apache-maven-3.6.1\mvn_resp\org\ow2\asm\asm\9.0\asm-9.0.jar;D:\maven\apache-maven-3.6.1\mvn_resp\org\ow2\asm\asm-commons\9.0\asm-commons-9.0.jar;D:\maven\apache-maven-3.6.1\mvn_resp\org\ow2\asm\asm-tree\9.0\asm-tree-9.0.jar;D:\maven\apache-maven-3.6.1\mvn_resp\org\ow2\asm\asm-analysis\9.0\asm-analysis-9.0.jar;D:\maven\apache-maven-3.6.1\mvn_resp\org\eclipse\jetty\websocket\javax-websocket-client-impl\9.4.41.v20210516\javax-websocket-client-impl-9.4.41.v20210516.jar;D:\maven\apache-maven-3.6.1\mvn_resp\org\springframework\boot\spring-boot-starter-test\2.5.0\spring-boot-starter-test-2.5.0.jar;D:\maven\apache-maven-3.6.1\mvn_resp\org\springframework\boot\spring-boot-test\2.5.0\spring-boot-test-2.5.0.jar;D:\maven\apache-maven-3.6.1\mvn_resp\org\springframework\boot\spring-boot-test-autoconfigure\2.5.0\spring-boot-test-autoconfigure-2.5.0.jar;D:\maven\apache-maven-3.6.1\mvn_resp\com\jayway\jsonpath\json-path\2.5.0\json-path-2.5.0.jar;D:\maven\apache-maven-3.6.1\mvn_resp\net\minidev\json-smart\2.4.7\json-smart-2.4.7.jar;D:\maven\apache-maven-3.6.1\mvn_resp\net\minidev\accessors-smart\2.4.7\accessors-smart-2.4.7.jar;D:\maven\apache-maven-3.6.1\mvn_resp\org\slf4j\slf4j-api\1.7.30\slf4j-api-1.7.30.jar;D:\maven\apache-maven-3.6.1\mvn_resp\jakarta\xml\bind\jakarta.xml.bind-api\2.3.3\jakarta.xml.bind-api-2.3.3.jar;D:\maven\apache-maven-3.6.1\mvn_resp\jakarta\activation\jakarta.activation-api\1.2.2\jakarta.activation-api-1.2.2.jar;D:\maven\apache-maven-3.6.1\mvn_resp\org\assertj\assertj-core\3.19.0\assertj-core-3.19.0.jar;D:\maven\apache-maven-3.6.1\mvn_resp\org\hamcrest\hamcrest\2.2\hamcrest-2.2.jar;D:\maven\apache-maven-3.6.1\mvn_resp\org\junit\jupiter\junit-jupiter\5.7.2\junit-jupiter-5.7.2.jar;D:\maven\apache-maven-3.6.1\mvn_resp\org\junit\jupiter\junit-jupiter-api\5.7.2\junit-jupiter-api-5.7.2.jar;D:\maven\apache-maven-3.6.1\mvn_resp\org\apiguardian\apiguardian-api\1.1.0\apiguardian-api-1.1.0.jar;D:\maven\apache-maven-3.6.1\mvn_resp\org\opentest4j\opentest4j\1.2.0\opentest4j-1.2.0.jar;D:\maven\apache-maven-3.6.1\mvn_resp\org\junit\platform\junit-platform-commons\1.7.2\junit-platform-commons-1.7.2.jar;D:\maven\apache-maven-3.6.1\mvn_resp\org\junit\jupiter\junit-jupiter-params\5.7.2\junit-jupiter-params-5.7.2.jar;D:\maven\apache-maven-3.6.1\mvn_resp\org\junit\jupiter\junit-jupiter-engine\5.7.2\junit-jupiter-engine-5.7.2.jar;D:\maven\apache-maven-3.6.1\mvn_resp\org\junit\platform\junit-platform-engine\1.7.2\junit-platform-engine-1.7.2.jar;D:\maven\apache-maven-3.6.1\mvn_resp\org\mockito\mockito-core\3.9.0\mockito-core-3.9.0.jar;D:\maven\apache-maven-3.6.1\mvn_resp\net\bytebuddy\byte-buddy\1.10.22\byte-buddy-1.10.22.jar;D:\maven\apache-maven-3.6.1\mvn_resp\net\bytebuddy\byte-buddy-agent\1.10.22\byte-buddy-agent-1.10.22.jar;D:\maven\apache-maven-3.6.1\mvn_resp\org\objenesis\objenesis\3.2\objenesis-3.2.jar;D:\maven\apache-maven-3.6.1\mvn_resp\org\mockito\mockito-junit-jupiter\3.9.0\mockito-junit-jupiter-3.9.0.jar;D:\maven\apache-maven-3.6.1\mvn_resp\org\skyscreamer\jsonassert\1.5.0\jsonassert-1.5.0.jar;D:\maven\apache-maven-3.6.1\mvn_resp\com\vaadin\external\google\android-json\0.0.20131108.vaadin1\android-json-0.0.20131108.vaadin1.jar;D:\maven\apache-maven-3.6.1\mvn_resp\org\springframework\spring-core\5.3.7\spring-core-5.3.7.jar;D:\maven\apache-maven-3.6.1\mvn_resp\org\springframework\spring-jcl\5.3.7\spring-jcl-5.3.7.jar;D:\maven\apache-maven-3.6.1\mvn_resp\org\springframework\spring-test\5.3.7\spring-test-5.3.7.jar;D:\maven\apache-maven-3.6.1\mvn_resp\org\xmlunit\xmlunit-core\2.8.2\xmlunit-core-2.8.2.jar;"/>
    <property name="java.vm.vendor" value="Oracle Corporation"/>
    <property name="sun.arch.data.model" value="64"/>
    <property name="user.variant" value=""/>
    <property name="java.vendor.url" value="http://java.oracle.com/"/>
    <property name="user.timezone" value="Asia/Shanghai"/>
    <property name="java.vm.specification.version" value="1.8"/>
    <property name="os.name" value="Windows 10"/>
    <property name="user.country" value="CN"/>
    <property name="sun.java.launcher" value="SUN_STANDARD"/>
    <property name="sun.boot.library.path" value="D:\JDK\jdk1.8.0_171\jre\bin"/>
    <property name="sun.java.command" value="C:\Users\gmg816\AppData\Local\Temp\surefire7382484443313478705\surefirebooter5910563887442194599.jar C:\Users\gmg816\AppData\Local\Temp\surefire7382484443313478705 2023-02-26T16-03-29_495-jvmRun1 surefire8883496335820582418tmp surefire_03488526536233334660tmp"/>
    <property name="surefire.test.class.path" value="D:\code\ssm\springboot\springboot_01_quickstart\target\test-classes;D:\code\ssm\springboot\springboot_01_quickstart\target\classes;D:\maven\apache-maven-3.6.1\mvn_resp\org\springframework\boot\spring-boot-starter-web\2.5.0\spring-boot-starter-web-2.5.0.jar;D:\maven\apache-maven-3.6.1\mvn_resp\org\springframework\boot\spring-boot-starter\2.5.0\spring-boot-starter-2.5.0.jar;D:\maven\apache-maven-3.6.1\mvn_resp\org\springframework\boot\spring-boot\2.5.0\spring-boot-2.5.0.jar;D:\maven\apache-maven-3.6.1\mvn_resp\org\springframework\boot\spring-boot-autoconfigure\2.5.0\spring-boot-autoconfigure-2.5.0.jar;D:\maven\apache-maven-3.6.1\mvn_resp\org\springframework\boot\spring-boot-starter-logging\2.5.0\spring-boot-starter-logging-2.5.0.jar;D:\maven\apache-maven-3.6.1\mvn_resp\ch\qos\logback\logback-classic\1.2.3\logback-classic-1.2.3.jar;D:\maven\apache-maven-3.6.1\mvn_resp\ch\qos\logback\logback-core\1.2.3\logback-core-1.2.3.jar;D:\maven\apache-maven-3.6.1\mvn_resp\org\apache\logging\log4j\log4j-to-slf4j\2.14.1\log4j-to-slf4j-2.14.1.jar;D:\maven\apache-maven-3.6.1\mvn_resp\org\apache\logging\log4j\log4j-api\2.14.1\log4j-api-2.14.1.jar;D:\maven\apache-maven-3.6.1\mvn_resp\org\slf4j\jul-to-slf4j\1.7.30\jul-to-slf4j-1.7.30.jar;D:\maven\apache-maven-3.6.1\mvn_resp\jakarta\annotation\jakarta.annotation-api\1.3.5\jakarta.annotation-api-1.3.5.jar;D:\maven\apache-maven-3.6.1\mvn_resp\org\yaml\snakeyaml\1.28\snakeyaml-1.28.jar;D:\maven\apache-maven-3.6.1\mvn_resp\org\springframework\boot\spring-boot-starter-json\2.5.0\spring-boot-starter-json-2.5.0.jar;D:\maven\apache-maven-3.6.1\mvn_resp\com\fasterxml\jackson\core\jackson-databind\2.12.3\jackson-databind-2.12.3.jar;D:\maven\apache-maven-3.6.1\mvn_resp\com\fasterxml\jackson\core\jackson-annotations\2.12.3\jackson-annotations-2.12.3.jar;D:\maven\apache-maven-3.6.1\mvn_resp\com\fasterxml\jackson\core\jackson-core\2.12.3\jackson-core-2.12.3.jar;D:\maven\apache-maven-3.6.1\mvn_resp\com\fasterxml\jackson\datatype\jackson-datatype-jdk8\2.12.3\jackson-datatype-jdk8-2.12.3.jar;D:\maven\apache-maven-3.6.1\mvn_resp\com\fasterxml\jackson\datatype\jackson-datatype-jsr310\2.12.3\jackson-datatype-jsr310-2.12.3.jar;D:\maven\apache-maven-3.6.1\mvn_resp\com\fasterxml\jackson\module\jackson-module-parameter-names\2.12.3\jackson-module-parameter-names-2.12.3.jar;D:\maven\apache-maven-3.6.1\mvn_resp\org\springframework\spring-web\5.3.7\spring-web-5.3.7.jar;D:\maven\apache-maven-3.6.1\mvn_resp\org\springframework\spring-beans\5.3.7\spring-beans-5.3.7.jar;D:\maven\apache-maven-3.6.1\mvn_resp\org\springframework\spring-webmvc\5.3.7\spring-webmvc-5.3.7.jar;D:\maven\apache-maven-3.6.1\mvn_resp\org\springframework\spring-aop\5.3.7\spring-aop-5.3.7.jar;D:\maven\apache-maven-3.6.1\mvn_resp\org\springframework\spring-context\5.3.7\spring-context-5.3.7.jar;D:\maven\apache-maven-3.6.1\mvn_resp\org\springframework\spring-expression\5.3.7\spring-expression-5.3.7.jar;D:\maven\apache-maven-3.6.1\mvn_resp\org\springframework\boot\spring-boot-starter-jetty\2.5.0\spring-boot-starter-jetty-2.5.0.jar;D:\maven\apache-maven-3.6.1\mvn_resp\jakarta\servlet\jakarta.servlet-api\4.0.4\jakarta.servlet-api-4.0.4.jar;D:\maven\apache-maven-3.6.1\mvn_resp\jakarta\websocket\jakarta.websocket-api\1.1.2\jakarta.websocket-api-1.1.2.jar;D:\maven\apache-maven-3.6.1\mvn_resp\org\apache\tomcat\embed\tomcat-embed-el\9.0.46\tomcat-embed-el-9.0.46.jar;D:\maven\apache-maven-3.6.1\mvn_resp\org\eclipse\jetty\jetty-servlets\9.4.41.v20210516\jetty-servlets-9.4.41.v20210516.jar;D:\maven\apache-maven-3.6.1\mvn_resp\org\eclipse\jetty\jetty-continuation\9.4.41.v20210516\jetty-continuation-9.4.41.v20210516.jar;D:\maven\apache-maven-3.6.1\mvn_resp\org\eclipse\jetty\jetty-http\9.4.41.v20210516\jetty-http-9.4.41.v20210516.jar;D:\maven\apache-maven-3.6.1\mvn_resp\org\eclipse\jetty\jetty-util\9.4.41.v20210516\jetty-util-9.4.41.v20210516.jar;D:\maven\apache-maven-3.6.1\mvn_resp\org\eclipse\jetty\jetty-io\9.4.41.v20210516\jetty-io-9.4.41.v20210516.jar;D:\maven\apache-maven-3.6.1\mvn_resp\org\eclipse\jetty\jetty-webapp\9.4.41.v20210516\jetty-webapp-9.4.41.v20210516.jar;D:\maven\apache-maven-3.6.1\mvn_resp\org\eclipse\jetty\jetty-xml\9.4.41.v20210516\jetty-xml-9.4.41.v20210516.jar;D:\maven\apache-maven-3.6.1\mvn_resp\org\eclipse\jetty\jetty-servlet\9.4.41.v20210516\jetty-servlet-9.4.41.v20210516.jar;D:\maven\apache-maven-3.6.1\mvn_resp\org\eclipse\jetty\jetty-security\9.4.41.v20210516\jetty-security-9.4.41.v20210516.jar;D:\maven\apache-maven-3.6.1\mvn_resp\org\eclipse\jetty\jetty-server\9.4.41.v20210516\jetty-server-9.4.41.v20210516.jar;D:\maven\apache-maven-3.6.1\mvn_resp\org\eclipse\jetty\jetty-util-ajax\9.4.41.v20210516\jetty-util-ajax-9.4.41.v20210516.jar;D:\maven\apache-maven-3.6.1\mvn_resp\org\eclipse\jetty\websocket\websocket-server\9.4.41.v20210516\websocket-server-9.4.41.v20210516.jar;D:\maven\apache-maven-3.6.1\mvn_resp\org\eclipse\jetty\websocket\websocket-common\9.4.41.v20210516\websocket-common-9.4.41.v20210516.jar;D:\maven\apache-maven-3.6.1\mvn_resp\org\eclipse\jetty\websocket\websocket-api\9.4.41.v20210516\websocket-api-9.4.41.v20210516.jar;D:\maven\apache-maven-3.6.1\mvn_resp\org\eclipse\jetty\websocket\websocket-client\9.4.41.v20210516\websocket-client-9.4.41.v20210516.jar;D:\maven\apache-maven-3.6.1\mvn_resp\org\eclipse\jetty\jetty-client\9.4.41.v20210516\jetty-client-9.4.41.v20210516.jar;D:\maven\apache-maven-3.6.1\mvn_resp\org\eclipse\jetty\websocket\websocket-servlet\9.4.41.v20210516\websocket-servlet-9.4.41.v20210516.jar;D:\maven\apache-maven-3.6.1\mvn_resp\org\eclipse\jetty\websocket\javax-websocket-server-impl\9.4.41.v20210516\javax-websocket-server-impl-9.4.41.v20210516.jar;D:\maven\apache-maven-3.6.1\mvn_resp\org\eclipse\jetty\jetty-annotations\9.4.41.v20210516\jetty-annotations-9.4.41.v20210516.jar;D:\maven\apache-maven-3.6.1\mvn_resp\org\eclipse\jetty\jetty-plus\9.4.41.v20210516\jetty-plus-9.4.41.v20210516.jar;D:\maven\apache-maven-3.6.1\mvn_resp\org\ow2\asm\asm\9.0\asm-9.0.jar;D:\maven\apache-maven-3.6.1\mvn_resp\org\ow2\asm\asm-commons\9.0\asm-commons-9.0.jar;D:\maven\apache-maven-3.6.1\mvn_resp\org\ow2\asm\asm-tree\9.0\asm-tree-9.0.jar;D:\maven\apache-maven-3.6.1\mvn_resp\org\ow2\asm\asm-analysis\9.0\asm-analysis-9.0.jar;D:\maven\apache-maven-3.6.1\mvn_resp\org\eclipse\jetty\websocket\javax-websocket-client-impl\9.4.41.v20210516\javax-websocket-client-impl-9.4.41.v20210516.jar;D:\maven\apache-maven-3.6.1\mvn_resp\org\springframework\boot\spring-boot-starter-test\2.5.0\spring-boot-starter-test-2.5.0.jar;D:\maven\apache-maven-3.6.1\mvn_resp\org\springframework\boot\spring-boot-test\2.5.0\spring-boot-test-2.5.0.jar;D:\maven\apache-maven-3.6.1\mvn_resp\org\springframework\boot\spring-boot-test-autoconfigure\2.5.0\spring-boot-test-autoconfigure-2.5.0.jar;D:\maven\apache-maven-3.6.1\mvn_resp\com\jayway\jsonpath\json-path\2.5.0\json-path-2.5.0.jar;D:\maven\apache-maven-3.6.1\mvn_resp\net\minidev\json-smart\2.4.7\json-smart-2.4.7.jar;D:\maven\apache-maven-3.6.1\mvn_resp\net\minidev\accessors-smart\2.4.7\accessors-smart-2.4.7.jar;D:\maven\apache-maven-3.6.1\mvn_resp\org\slf4j\slf4j-api\1.7.30\slf4j-api-1.7.30.jar;D:\maven\apache-maven-3.6.1\mvn_resp\jakarta\xml\bind\jakarta.xml.bind-api\2.3.3\jakarta.xml.bind-api-2.3.3.jar;D:\maven\apache-maven-3.6.1\mvn_resp\jakarta\activation\jakarta.activation-api\1.2.2\jakarta.activation-api-1.2.2.jar;D:\maven\apache-maven-3.6.1\mvn_resp\org\assertj\assertj-core\3.19.0\assertj-core-3.19.0.jar;D:\maven\apache-maven-3.6.1\mvn_resp\org\hamcrest\hamcrest\2.2\hamcrest-2.2.jar;D:\maven\apache-maven-3.6.1\mvn_resp\org\junit\jupiter\junit-jupiter\5.7.2\junit-jupiter-5.7.2.jar;D:\maven\apache-maven-3.6.1\mvn_resp\org\junit\jupiter\junit-jupiter-api\5.7.2\junit-jupiter-api-5.7.2.jar;D:\maven\apache-maven-3.6.1\mvn_resp\org\apiguardian\apiguardian-api\1.1.0\apiguardian-api-1.1.0.jar;D:\maven\apache-maven-3.6.1\mvn_resp\org\opentest4j\opentest4j\1.2.0\opentest4j-1.2.0.jar;D:\maven\apache-maven-3.6.1\mvn_resp\org\junit\platform\junit-platform-commons\1.7.2\junit-platform-commons-1.7.2.jar;D:\maven\apache-maven-3.6.1\mvn_resp\org\junit\jupiter\junit-jupiter-params\5.7.2\junit-jupiter-params-5.7.2.jar;D:\maven\apache-maven-3.6.1\mvn_resp\org\junit\jupiter\junit-jupiter-engine\5.7.2\junit-jupiter-engine-5.7.2.jar;D:\maven\apache-maven-3.6.1\mvn_resp\org\junit\platform\junit-platform-engine\1.7.2\junit-platform-engine-1.7.2.jar;D:\maven\apache-maven-3.6.1\mvn_resp\org\mockito\mockito-core\3.9.0\mockito-core-3.9.0.jar;D:\maven\apache-maven-3.6.1\mvn_resp\net\bytebuddy\byte-buddy\1.10.22\byte-buddy-1.10.22.jar;D:\maven\apache-maven-3.6.1\mvn_resp\net\bytebuddy\byte-buddy-agent\1.10.22\byte-buddy-agent-1.10.22.jar;D:\maven\apache-maven-3.6.1\mvn_resp\org\objenesis\objenesis\3.2\objenesis-3.2.jar;D:\maven\apache-maven-3.6.1\mvn_resp\org\mockito\mockito-junit-jupiter\3.9.0\mockito-junit-jupiter-3.9.0.jar;D:\maven\apache-maven-3.6.1\mvn_resp\org\skyscreamer\jsonassert\1.5.0\jsonassert-1.5.0.jar;D:\maven\apache-maven-3.6.1\mvn_resp\com\vaadin\external\google\android-json\0.0.20131108.vaadin1\android-json-0.0.20131108.vaadin1.jar;D:\maven\apache-maven-3.6.1\mvn_resp\org\springframework\spring-core\5.3.7\spring-core-5.3.7.jar;D:\maven\apache-maven-3.6.1\mvn_resp\org\springframework\spring-jcl\5.3.7\spring-jcl-5.3.7.jar;D:\maven\apache-maven-3.6.1\mvn_resp\org\springframework\spring-test\5.3.7\spring-test-5.3.7.jar;D:\maven\apache-maven-3.6.1\mvn_resp\org\xmlunit\xmlunit-core\2.8.2\xmlunit-core-2.8.2.jar;"/>
    <property name="sun.cpu.endian" value="little"/>
    <property name="user.home" value="C:\Users\gmg816"/>
    <property name="user.language" value="zh"/>
    <property name="java.specification.vendor" value="Oracle Corporation"/>
    <property name="java.home" value="D:\JDK\jdk1.8.0_171\jre"/>
    <property name="basedir" value="D:\code\ssm\springboot\springboot_01_quickstart"/>
    <property name="file.separator" value="\"/>
    <property name="line.separator" value="&#10;"/>
    <property name="java.vm.specification.vendor" value="Oracle Corporation"/>
    <property name="java.specification.name" value="Java Platform API Specification"/>
    <property name="java.awt.graphicsenv" value="sun.awt.Win32GraphicsEnvironment"/>
    <property name="surefire.real.class.path" value="C:\Users\gmg816\AppData\Local\Temp\surefire7382484443313478705\surefirebooter5910563887442194599.jar"/>
    <property name="sun.boot.class.path" value="D:\JDK\jdk1.8.0_171\jre\lib\resources.jar;D:\JDK\jdk1.8.0_171\jre\lib\rt.jar;D:\JDK\jdk1.8.0_171\jre\lib\sunrsasign.jar;D:\JDK\jdk1.8.0_171\jre\lib\jsse.jar;D:\JDK\jdk1.8.0_171\jre\lib\jce.jar;D:\JDK\jdk1.8.0_171\jre\lib\charsets.jar;D:\JDK\jdk1.8.0_171\jre\lib\jfr.jar;D:\JDK\jdk1.8.0_171\jre\classes"/>
    <property name="user.script" value=""/>
    <property name="sun.management.compiler" value="HotSpot 64-Bit Tiered Compilers"/>
    <property name="java.runtime.version" value="1.8.0_171-b11"/>
    <property name="user.name" value="gmg816"/>
    <property name="path.separator" value=";"/>
    <property name="os.version" value="10.0"/>
    <property name="java.endorsed.dirs" value="D:\JDK\jdk1.8.0_171\jre\lib\endorsed"/>
    <property name="java.runtime.name" value="Java(TM) SE Runtime Environment"/>
    <property name="file.encoding" value="GBK"/>
    <property name="java.vm.name" value="Java HotSpot(TM) 64-Bit Server VM"/>
    <property name="localRepository" value="D:\maven\apache-maven-3.6.1\mvn_resp"/>
    <property name="java.vendor.url.bug" value="http://bugreport.sun.com/bugreport/"/>
    <property name="java.io.tmpdir" value="C:\Users\gmg816\AppData\Local\Temp\"/>
    <property name="idea.version" value="2022.3.1"/>
    <property name="java.version" value="1.8.0_171"/>
    <property name="user.dir" value="D:\code\ssm\springboot\springboot_01_quickstart"/>
    <property name="os.arch" value="amd64"/>
    <property name="java.vm.specification.name" value="Java Virtual Machine Specification"/>
    <property name="java.awt.printerjob" value="sun.awt.windows.WPrinterJob"/>
    <property name="sun.os.patch.level" value=""/>
    <property name="java.library.path" value="D:\JDK\jdk1.8.0_171\jre\bin;C:\WINDOWS\Sun\Java\bin;C:\WINDOWS\system32;C:\WINDOWS;C:\Program Files (x86)\Razer\ChromaBroadcast\bin;C:\Program Files\Razer\ChromaBroadcast\bin;C:\Program Files (x86)\Common Files\Oracle\Java\javapath;E:\VMware\bin\;C:\Windows\system32;C:\Windows;C:\Windows\System32\Wbem;C:\Windows\System32\WindowsPowerShell\v1.0\;C:\Windows\System32\OpenSSH\;C:\Program Files (x86)\NVIDIA Corporation\PhysX\Common;C:\Program Files\NVIDIA Corporation\NVIDIA NvDLISR;C:\WINDOWS\system32;C:\WINDOWS;C:\WINDOWS\System32\Wbem;C:\WINDOWS\System32\WindowsPowerShell\v1.0\;C:\WINDOWS\System32\OpenSSH\;C:\WINDOWS\system32\config\systemprofile\AppData\Local\Microsoft\WindowsApps;D:\mysql\mysql-8.0.29-winx64\bin;D:\mysql\mysql-8.0.29-winx64;D:\maven\apache-maven-3.6.1\bin;%CATALINA_HOME%\bin;D:\JDK\jdk1.8.0_171\jre\bin;D:\JDK\jdk1.8.0_171\bin;D:\node\;C:\Program Files\nodejs\node_global\node_modules;D:\python\Scripts\;D:\python\;C:\Users\gmg816\AppData\Local\Microsoft\WindowsApps;E:\VSCodeUserSetup1.45.0\Microsoft VS Code\bin;D:\python\pycharm\PyCharm Community Edition 2021.2.1\bin;;D:\软件\QQgame\Hall.57915\;E:\idea\IntelliJ IDEA 2022.3.1\bin;;C:\Program Files\nodejs\node_global;;."/>
    <property name="java.vm.info" value="mixed mode"/>
    <property name="java.vendor" value="Oracle Corporation"/>
    <property name="java.vm.version" value="25.171-b11"/>
    <property name="java.ext.dirs" value="D:\JDK\jdk1.8.0_171\jre\lib\ext;C:\WINDOWS\Sun\Java\lib\ext"/>
    <property name="sun.io.unicode.encoding" value="UnicodeLittle"/>
    <property name="maven.repo.local" value="D:\maven\apache-maven-3.6.1\mvn_resp"/>
    <property name="java.class.version" value="52.0"/>
  </properties>
  <testcase name="contextLoads" classname="com.itheima.ApplicationTests" time="0.129"/>
</testsuite>